<?xml version="1.0" encoding="UTF-8"?>
<!-- Generated by org.testng.reporters.JUnitXMLReporter -->
<testsuite ignored="0" hostname="LP-5CG0275X4Y" failures="0" tests="5" name="Default test" time="383.553" errors="0" timestamp="2023-08-17T18:28:33 IST">
  <testcase classname="Functionality.MainPage" name="Case1_MenuListTest" time="9.833"/>
  <testcase classname="Functionality.MainPage" name="Case2_compareScreenshot" time="50.346"/>
  <testcase classname="Functionality.MainPage" name="Case3_ContactUs" time="66.962"/>
  <testcase classname="Functionality.MainPage" name="Case4_PageText" time="43.378"/>
  <testcase classname="Functionality.MainPage" name="Case5_ContactUsValidation" time="64.51"/>
</testsuite> <!-- Default test -->
