<?xml version="1.0" encoding="UTF-8"?>
<testng-results ignored="0" total="1" passed="1" failed="0" skipped="0">
  <reporter-output>
  </reporter-output>
  <suite started-at="2023-08-09T17:10:04 IST" name="Suite" finished-at="2023-08-09T17:10:46 IST" duration-ms="42138">
    <groups>
    </groups>
    <test started-at="2023-08-09T17:10:04 IST" name="Test" finished-at="2023-08-09T17:10:46 IST" duration-ms="42138">
      <class name="Functionality.MainPage">
        <test-method is-config="true" signature="beforeMethod()[pri:0, instance:Functionality.MainPage@4bb33f74]" started-at="2023-08-09T17:10:04 IST" name="beforeMethod" finished-at="2023-08-09T17:10:14 IST" duration-ms="10081" status="PASS">
          <reporter-output>
          </reporter-output>
        </test-method> <!-- beforeMethod -->
        <test-method signature="ContactUs()[pri:0, instance:Functionality.MainPage@4bb33f74]" started-at="2023-08-09T17:10:14 IST" name="ContactUs" finished-at="2023-08-09T17:10:44 IST" duration-ms="30706" status="PASS">
          <reporter-output>
          </reporter-output>
        </test-method> <!-- ContactUs -->
        <test-method is-config="true" signature="afterMethod()[pri:0, instance:Functionality.MainPage@4bb33f74]" started-at="2023-08-09T17:10:44 IST" name="afterMethod" finished-at="2023-08-09T17:10:46 IST" duration-ms="1272" status="PASS">
          <reporter-output>
          </reporter-output>
        </test-method> <!-- afterMethod -->
      </class> <!-- Functionality.MainPage -->
    </test> <!-- Test -->
  </suite> <!-- Suite -->
</testng-results>
